0 info it worked if it ends with ok
1 verbose cli [ '/usr/local/bin/node', '/usr/local/bin/npm', 'run', 'build' ]
2 info using npm@3.9.5
3 info using node@v6.2.2
4 verbose run-script [ 'prebuild', 'build', 'postbuild' ]
5 info lifecycle application-name@0.0.1~prebuild: application-name@0.0.1
6 silly lifecycle application-name@0.0.1~prebuild: no script for prebuild, continuing
7 info lifecycle application-name@0.0.1~build: application-name@0.0.1
8 verbose lifecycle application-name@0.0.1~build: unsafe-perm in lifecycle true
9 verbose lifecycle application-name@0.0.1~build: PATH: /usr/local/lib/node_modules/npm/bin/node-gyp-bin:/home/hovo/project/pollApp/node_modules/.bin:/usr/local/bin:/usr/local/heroku/bin:/usr/local/sbin:/usr/local/bin:/usr/sbin:/usr/bin:/sbin:/bin
10 verbose lifecycle application-name@0.0.1~build: CWD: /home/hovo/project/pollApp
11 silly lifecycle application-name@0.0.1~build: Args: [ '-c', 'sudo rm -R public/assets && sudo gulp && node app.js' ]
12 silly lifecycle application-name@0.0.1~build: Returned: code: 1  signal: null
13 info lifecycle application-name@0.0.1~build: Failed to exec build script
14 verbose stack Error: application-name@0.0.1 build: `sudo rm -R public/assets && sudo gulp && node app.js`
14 verbose stack Exit status 1
14 verbose stack     at EventEmitter.<anonymous> (/usr/local/lib/node_modules/npm/lib/utils/lifecycle.js:245:16)
14 verbose stack     at emitTwo (events.js:106:13)
14 verbose stack     at EventEmitter.emit (events.js:191:7)
14 verbose stack     at ChildProcess.<anonymous> (/usr/local/lib/node_modules/npm/lib/utils/spawn.js:24:14)
14 verbose stack     at emitTwo (events.js:106:13)
14 verbose stack     at ChildProcess.emit (events.js:191:7)
14 verbose stack     at maybeClose (internal/child_process.js:852:16)
14 verbose stack     at Process.ChildProcess._handle.onexit (internal/child_process.js:215:5)
15 verbose pkgid application-name@0.0.1
16 verbose cwd /home/hovo/project/pollApp
17 error Linux 3.19.0-64-generic
18 error argv "/usr/local/bin/node" "/usr/local/bin/npm" "run" "build"
19 error node v6.2.2
20 error npm  v3.9.5
21 error code ELIFECYCLE
22 error application-name@0.0.1 build: `sudo rm -R public/assets && sudo gulp && node app.js`
22 error Exit status 1
23 error Failed at the application-name@0.0.1 build script 'sudo rm -R public/assets && sudo gulp && node app.js'.
23 error Make sure you have the latest version of node.js and npm installed.
23 error If you do, this is most likely a problem with the application-name package,
23 error not with npm itself.
23 error Tell the author that this fails on your system:
23 error     sudo rm -R public/assets && sudo gulp && node app.js
23 error You can get information on how to open an issue for this project with:
23 error     npm bugs application-name
23 error Or if that isn't available, you can get their info via:
23 error     npm owner ls application-name
23 error There is likely additional logging output above.
24 verbose exit [ 1, true ]
